<?xml version="1.0" encoding="UTF-8"?>
<!-- Generated by org.testng.reporters.JUnitXMLReporter -->
<testsuite ignored="0" hostname="DESKTOP-3GFP10E" failures="0" tests="6" name="Test" time="19.575" errors="0" timestamp="2024-09-12T18:20:52 IST">
  <testcase classname="Demo.assignment_MVN.Screenshot" name="testFormSubmission" time="1.504"/>
  <testcase classname="Demo.assignment_MVN.FileUpload" name="verifyUpload" time="0.413"/>
  <testcase classname="Demo.assignment_MVN.Table" name="verifyContent" time="0.186"/>
  <testcase classname="Demo.assignment_MVN.WindowHandling" name="switching" time="0.358"/>
  <testcase classname="Demo.assignment_MVN.DragAndDrop" name="verifyDragAndDrop" time="2.71"/>
  <testcase classname="Demo.assignment_MVN.IFrames" name="switching" time="0.168"/>
</testsuite> <!-- Test -->
